<?xml version="1.0" encoding="UTF-8"?>
<!-- Generated by org.testng.reporters.JUnitReportReporter -->
<testsuite hostname="Adit" failures="0" tests="1" name="com.firstSeleniumProject.testcases.TestLogin" time="1.248" errors="0" timestamp="2025-01-14T19:35:33 EST" skipped="0">
  <testcase classname="com.firstSeleniumProject.testcases.TestLogin" name="verifyLogin" time="1.248"/>
</testsuite> <!-- com.firstSeleniumProject.testcases.TestLogin -->
