<?xml version="1.0" encoding="UTF-8"?>
<!-- Generated by org.testng.reporters.JUnitReportReporter -->
<testsuite hostname="Adit" failures="0" tests="1" name="com.firstSeleniumProject.testcases.TestLogin" time="1.900" errors="0" timestamp="2025-03-14T19:57:56 EDT" skipped="0">
  <testcase classname="com.firstSeleniumProject.testcases.TestLogin" name="verifyLogin" time="1.900"/>
</testsuite> <!-- com.firstSeleniumProject.testcases.TestLogin -->
