<?xml version="1.0" encoding="UTF-8"?>
<!-- Generated by org.testng.reporters.JUnitReportReporter -->
<testsuite hostname="Adit" failures="0" tests="1" name="com.firstSeleniumProject.testcases.TestLogin" time="0.003" errors="0" timestamp="2025-01-14T16:02:02 EST" skipped="0">
  <testcase classname="com.firstSeleniumProject.testcases.TestLogin" name="testLogin" time="0.003"/>
</testsuite> <!-- com.firstSeleniumProject.testcases.TestLogin -->
